<?xml version="1.0" encoding="UTF-8"?>
<!-- Generated by org.testng.reporters.JUnitXMLReporter -->
<testsuite ignored="0" hostname="LAPTOP-5U7PJJ86" failures="0" tests="3" name="Default test" time="118.458" errors="0" timestamp="2026-02-18T10:33:25 IST">
  <testcase classname="com.automation.TeamProjects.TestExecution" name="registerUser" time="11.598"/>
  <testcase classname="com.automation.TeamProjects.TestExecution" name="loginUser" time="3.358"/>
  <testcase classname="com.automation.TeamProjects.TestExecution" name="placeOrder" time="93.942"/>
</testsuite> <!-- Default test -->
